### Starting TaskPrologue of job 3875470 on a0429 at Tue Jul 21 01:13:03 AM CEST 2026
Running on cores 0-15 with governor performance
Tue Jul 21 01:13:03 2026       
+-----------------------------------------------------------------------------------------+
| NVIDIA-SMI 610.43.02              KMD Version: 610.43.02     CUDA UMD Version: 13.3     |
+-----------------------------------------+------------------------+----------------------+
| GPU  Name                 Persistence-M | Bus-Id          Disp.A | Volatile Uncorr. ECC |
| Fan  Temp   Perf          Pwr:Usage/Cap |           Memory-Usage | GPU-Util  Compute M. |
|                                         |                        |               MIG M. |
|=========================================+========================+======================|
|   0  NVIDIA A40                     On  |   00000000:41:00.0 Off |                  Off |
|  0%   34C    P8             22W /  300W |       0MiB /  49140MiB |      0%      Default |
|                                         |                        |                  N/A |
+-----------------------------------------+------------------------+----------------------+

+-----------------------------------------------------------------------------------------+
| Processes:                                                                              |
|  GPU   GI   CI              PID   Type   Process name                        GPU Memory |
|        ID   ID                                                               Usage      |
|=========================================================================================|
|  No running processes found                                                             |
+-----------------------------------------------------------------------------------------+
### Finished TaskPrologue

Warning: You are sending unauthenticated requests to the HF Hub. Please set a HF_TOKEN to enable higher rate limits and faster downloads.
Traceback (most recent call last):
  File "/home/hpc/v123be/v123be43/.conda/envs/sks_lora/lib/python3.10/site-packages/httpx/_transports/default.py", line 101, in map_httpcore_exceptions
    yield
  File "/home/hpc/v123be/v123be43/.conda/envs/sks_lora/lib/python3.10/site-packages/httpx/_transports/default.py", line 250, in handle_request
    resp = self._pool.handle_request(req)
  File "/home/hpc/v123be/v123be43/.conda/envs/sks_lora/lib/python3.10/site-packages/httpcore/_sync/connection_pool.py", line 256, in handle_request
    raise exc from None
  File "/home/hpc/v123be/v123be43/.conda/envs/sks_lora/lib/python3.10/site-packages/httpcore/_sync/connection_pool.py", line 236, in handle_request
    response = connection.handle_request(
  File "/home/hpc/v123be/v123be43/.conda/envs/sks_lora/lib/python3.10/site-packages/httpcore/_sync/connection.py", line 101, in handle_request
    raise exc
  File "/home/hpc/v123be/v123be43/.conda/envs/sks_lora/lib/python3.10/site-packages/httpcore/_sync/connection.py", line 78, in handle_request
    stream = self._connect(request)
  File "/home/hpc/v123be/v123be43/.conda/envs/sks_lora/lib/python3.10/site-packages/httpcore/_sync/connection.py", line 124, in _connect
    stream = self._network_backend.connect_tcp(**kwargs)
  File "/home/hpc/v123be/v123be43/.conda/envs/sks_lora/lib/python3.10/site-packages/httpcore/_backends/sync.py", line 207, in connect_tcp
    with map_exceptions(exc_map):
  File "/home/hpc/v123be/v123be43/.conda/envs/sks_lora/lib/python3.10/contextlib.py", line 153, in __exit__
    self.gen.throw(typ, value, traceback)
  File "/home/hpc/v123be/v123be43/.conda/envs/sks_lora/lib/python3.10/site-packages/httpcore/_exceptions.py", line 14, in map_exceptions
    raise to_exc(exc) from exc
httpcore.ConnectTimeout: timed out

The above exception was the direct cause of the following exception:

Traceback (most recent call last):
  File "/home/hpc/v123be/v123be43/.conda/envs/sks_lora/lib/python3.10/site-packages/transformers/modeling_utils.py", line 695, in _get_resolved_checkpoint_files
    resolved_archive_file = cached_file(pretrained_model_name_or_path, filename, **cached_file_kwargs)
  File "/home/hpc/v123be/v123be43/.conda/envs/sks_lora/lib/python3.10/site-packages/transformers/utils/hub.py", line 293, in cached_file
    file = cached_files(path_or_repo_id=path_or_repo_id, filenames=[filename], **kwargs)
  File "/home/hpc/v123be/v123be43/.conda/envs/sks_lora/lib/python3.10/site-packages/transformers/utils/hub.py", line 527, in cached_files
    raise e
  File "/home/hpc/v123be/v123be43/.conda/envs/sks_lora/lib/python3.10/site-packages/transformers/utils/hub.py", line 437, in cached_files
    hf_hub_download(
  File "/home/hpc/v123be/v123be43/.conda/envs/sks_lora/lib/python3.10/site-packages/huggingface_hub/utils/_validators.py", line 88, in _inner_fn
    return fn(*args, **kwargs)
  File "/home/hpc/v123be/v123be43/.conda/envs/sks_lora/lib/python3.10/site-packages/huggingface_hub/file_download.py", line 1013, in hf_hub_download
    return _hf_hub_download_to_cache_dir(
  File "/home/hpc/v123be/v123be43/.conda/envs/sks_lora/lib/python3.10/site-packages/huggingface_hub/file_download.py", line 1236, in _hf_hub_download_to_cache_dir
    _download_to_tmp_and_move(
  File "/home/hpc/v123be/v123be43/.conda/envs/sks_lora/lib/python3.10/site-packages/huggingface_hub/file_download.py", line 1936, in _download_to_tmp_and_move
    http_get(
  File "/home/hpc/v123be/v123be43/.conda/envs/sks_lora/lib/python3.10/site-packages/huggingface_hub/utils/_validators.py", line 88, in _inner_fn
    return fn(*args, **kwargs)
  File "/home/hpc/v123be/v123be43/.conda/envs/sks_lora/lib/python3.10/site-packages/huggingface_hub/file_download.py", line 374, in http_get
    with http_stream_backoff(
  File "/home/hpc/v123be/v123be43/.conda/envs/sks_lora/lib/python3.10/contextlib.py", line 135, in __enter__
    return next(self.gen)
  File "/home/hpc/v123be/v123be43/.conda/envs/sks_lora/lib/python3.10/site-packages/huggingface_hub/utils/_http.py", line 678, in http_stream_backoff
    yield from _http_backoff_base(
  File "/home/hpc/v123be/v123be43/.conda/envs/sks_lora/lib/python3.10/site-packages/huggingface_hub/utils/_http.py", line 499, in _http_backoff_base
    with client.stream(method=method, url=url, **kwargs) as response:
  File "/home/hpc/v123be/v123be43/.conda/envs/sks_lora/lib/python3.10/contextlib.py", line 135, in __enter__
    return next(self.gen)
  File "/home/hpc/v123be/v123be43/.conda/envs/sks_lora/lib/python3.10/site-packages/httpx/_client.py", line 868, in stream
    response = self.send(
  File "/home/hpc/v123be/v123be43/.conda/envs/sks_lora/lib/python3.10/site-packages/httpx/_client.py", line 914, in send
    response = self._send_handling_auth(
  File "/home/hpc/v123be/v123be43/.conda/envs/sks_lora/lib/python3.10/site-packages/httpx/_client.py", line 942, in _send_handling_auth
    response = self._send_handling_redirects(
  File "/home/hpc/v123be/v123be43/.conda/envs/sks_lora/lib/python3.10/site-packages/httpx/_client.py", line 979, in _send_handling_redirects
    response = self._send_single_request(request)
  File "/home/hpc/v123be/v123be43/.conda/envs/sks_lora/lib/python3.10/site-packages/httpx/_client.py", line 1014, in _send_single_request
    response = transport.handle_request(request)
  File "/home/hpc/v123be/v123be43/.conda/envs/sks_lora/lib/python3.10/site-packages/httpx/_transports/default.py", line 249, in handle_request
    with map_httpcore_exceptions():
  File "/home/hpc/v123be/v123be43/.conda/envs/sks_lora/lib/python3.10/contextlib.py", line 153, in __exit__
    self.gen.throw(typ, value, traceback)
  File "/home/hpc/v123be/v123be43/.conda/envs/sks_lora/lib/python3.10/site-packages/httpx/_transports/default.py", line 118, in map_httpcore_exceptions
    raise mapped_exc(message) from exc
httpx.ConnectTimeout: timed out

The above exception was the direct cause of the following exception:

Traceback (most recent call last):
  File "/home/hpc/v123be/v123be43/thesis/gibli/assignment4/code/train_lora.py", line 246, in <module>
    main()
  File "/home/hpc/v123be/v123be43/thesis/gibli/assignment4/code/train_lora.py", line 111, in main
    text_encoder = CLIPTextModel.from_pretrained(args.model_name, subfolder="text_encoder")
  File "/home/hpc/v123be/v123be43/.conda/envs/sks_lora/lib/python3.10/site-packages/transformers/modeling_utils.py", line 4355, in from_pretrained
    checkpoint_files, sharded_metadata = _get_resolved_checkpoint_files(
  File "/home/hpc/v123be/v123be43/.conda/envs/sks_lora/lib/python3.10/site-packages/transformers/modeling_utils.py", line 775, in _get_resolved_checkpoint_files
    raise OSError(
OSError: Can't load the model for 'runwayml/stable-diffusion-v1-5'. If you were trying to load it from 'https://huggingface.co/models', make sure you don't have a local directory with the same name. Otherwise, make sure 'runwayml/stable-diffusion-v1-5' is the correct path to a directory containing a file named pytorch_model.bin.
=== JOB_STATISTICS ===
=== current date     : Tue Jul 21 01:14:55 CEST 2026
= Job-ID             : 3875470 on alex
= Job-Name           : sks_lora_train
= Job-Command        : /home/hpc/v123be/v123be43/thesis/gibli/assignment4/jobs/train_lora.sbatch
= Initial workdir    : /home/hpc/v123be/v123be43/thesis/gibli/assignment4
= Queue/Partition    : a40
= Slurm account      : v123be with QOS=normal
= Requested resources:  for 01:00:00
= Elapsed runtime    : 00:01:53
= Total RAM usage    : 0.8 GiB of assigned  GiB (%)
= Node list          : a0429
= Subm/Elig/Start/End: 2026-07-21T01:13:00 / 2026-07-21T01:13:00 / 2026-07-21T01:13:02 / 2026-07-21T01:14:55
======================
=== Quota infos ======
    Path                 Used     SoftQ    HardQ    Gracetime  Filec    FileQ    FiHaQ    FileGrace    
!!! /home/hpc             153.6G   104.9G   209.7G  -29050days     386K     500K   1,000K        N/A !!!
    /home/vault           143.3G  1048.6G  2097.2G        N/A     141K     200K     400K        N/A    
    /home/atuin             0.0K     0.0K     0.0K        N/A       1                           N/A    
======================
=== GPU utilization ==
gpu_name, gpu_bus_id, pid, gpu_utilization [%], mem_utilization [%], max_memory_usage [MiB], time [ms]
